[2024-09-02 15:50:42,269: INFO: common: yaml file: config\config.yaml loaded successfully]
[2024-09-02 15:50:42,272: INFO: common: yaml file: params.yaml loaded successfully]
[2024-09-02 15:50:42,275: INFO: common: yaml file: schema.yaml loaded successfully]
[2024-09-02 15:50:42,277: INFO: common: created directory at: artifacts]
[2024-09-02 15:50:42,278: INFO: common: created directory at: artifacts/data_validation]
[2024-09-02 15:52:31,792: INFO: common: yaml file: config\config.yaml loaded successfully]
[2024-09-02 15:52:31,794: INFO: common: yaml file: params.yaml loaded successfully]
[2024-09-02 15:52:31,797: INFO: common: yaml file: schema.yaml loaded successfully]
[2024-09-02 15:52:31,799: INFO: common: created directory at: artifacts]
[2024-09-02 15:52:31,800: INFO: common: created directory at: artifacts/data_validation]
[2024-09-02 15:52:48,512: INFO: common: yaml file: config\config.yaml loaded successfully]
[2024-09-02 15:52:48,513: INFO: common: yaml file: params.yaml loaded successfully]
[2024-09-02 15:52:48,515: INFO: common: yaml file: schema.yaml loaded successfully]
[2024-09-02 15:52:48,516: INFO: common: created directory at: artifacts]
[2024-09-02 15:52:48,517: INFO: common: created directory at: artifacts/data_validation]
[2024-09-02 15:55:38,278: INFO: common: yaml file: config\config.yaml loaded successfully]
[2024-09-02 15:55:38,281: INFO: common: yaml file: params.yaml loaded successfully]
[2024-09-02 15:55:38,284: INFO: common: yaml file: schema.yaml loaded successfully]
[2024-09-02 15:55:38,286: INFO: common: created directory at: artifacts]
[2024-09-02 15:55:38,287: INFO: common: created directory at: artifacts/data_validation]
[2024-09-02 15:55:40,131: INFO: common: yaml file: config\config.yaml loaded successfully]
[2024-09-02 15:55:40,133: INFO: common: yaml file: params.yaml loaded successfully]
[2024-09-02 15:55:40,135: INFO: common: yaml file: schema.yaml loaded successfully]
[2024-09-02 15:55:40,136: INFO: common: created directory at: artifacts]
[2024-09-02 15:55:40,138: INFO: common: created directory at: artifacts/data_validation]
[2024-09-02 16:00:28,285: INFO: common: yaml file: config\config.yaml loaded successfully]
[2024-09-02 16:00:28,287: INFO: common: yaml file: params.yaml loaded successfully]
[2024-09-02 16:00:28,290: INFO: common: yaml file: schema.yaml loaded successfully]
[2024-09-02 16:00:28,291: INFO: common: created directory at: artifacts]
[2024-09-02 16:00:28,292: INFO: common: created directory at: artifacts/data_validation]
